1.1_Sulfonamide_monooxygenase	399	PLR72658.1	N/A	22.830	71	311	0.005	35.8
1.1_Sulfonamide_monooxygenase	399	PLR74584.1	N/A	21.154	48	208	0.014	34.3
1.2_Reductive_dehalogenase	551	PLR71996.1	N/A	27.072	28	181	1.08e-08	54.3
1.3_Dihydropyrimidine_dehydrogenase	432	PLR74470.1	N/A	39.348	91	399	1.65e-97	296
1.3_Dihydropyrimidine_dehydrogenase	432	PLR71400.1	N/A	29.560	73	318	4.55e-34	126
1.1_NADP-dependent_oxidoreductase	413	PLR74471.1	N/A	34.123	95	422	2.64e-65	213
1.1_NADP-dependent_oxidoreductase	413	PLR71080.1	N/A	24.742	62	291	1.42e-06	46.6
1.1_NADP-dependent_oxidoreductase	413	PLR71501.1	N/A	24.233	67	326	2.44e-06	46.2
1.1_NADP-dependent_oxidoreductase	413	PLR71932.1	N/A	26.712	62	292	2.10e-05	43.1
1.1_NADP-dependent_oxidoreductase	413	PLR72554.1	N/A	28.866	22	97	3.02e-05	42.7
1.1_NADP-dependent_oxidoreductase	413	PLR70355.1	N/A	22.543	39	173	3.00e-04	39.7
1.1_NADP-dependent_oxidoreductase	413	PLR73926.1	N/A	23.569	64	297	5.56e-04	38.5
1.1_NADP-dependent_oxidoreductase	413	PLR70649.1	N/A	21.081	44	185	0.098	31.6
1.4_Pseudooxynicotine_oxidase	497	PLR74461.1	N/A	20.130	85	462	4.56e-12	65.1
2.1_Vanillate_O-demethylase	471	PLR72596.1	N/A	25.484	64	310	4.03e-13	67.4
2.6_Pyridoxamine_pyruvate_transaminase	393	PLR74812.1	N/A	23.939	82	330	1.36e-10	59.7
2.6_Pyridoxamine_pyruvate_transaminase	393	PLR73888.1	N/A	25.309	40	162	5.74e-08	51.2
2.6_Pyridoxamine_pyruvate_transaminase	393	PLR72741.1	N/A	26.946	41	167	5.63e-06	45.1
3.1_N-Acetylgalactosamine_sulfatase	470	PLR74326.1	N/A	26.190	25	126	1.38e-05	44.3
3.1_N-Acetylgalactosamine_sulfatase	470	PLR75159.1	N/A	23.418	34	158	2.97e-05	43.5
3.1_N-Acetylgalactosamine_sulfatase	470	PLR72618.1	N/A	21.127	29	142	3.04e-04	40.0
3.1_Sulfoglucosamine_sulfohydrolase	552	PLR74326.1	N/A	22.523	54	333	1.39e-06	48.1
3.1_Sulfoglucosamine_sulfohydrolase	552	PLR75159.1	N/A	26.064	31	188	7.56e-06	45.8
3.1_Sulfoglucosamine_sulfohydrolase	552	PLR73666.1	N/A	20.274	60	365	2.65e-05	43.9
3.1_Sulfoglucosamine_sulfohydrolase	552	PLR74811.1	N/A	18.966	47	290	3.18e-04	40.4
3.1_Acesulfame_hydrolase	283	PLR72536.1	N/A	24.699	58	166	9.04e-08	49.3
3.1_Acesulfame_hydrolase	283	PLR71807.1	N/A	21.786	94	280	6.38e-05	40.4
3.2_Beta-glucoronidase	603	PLR70820.1	N/A	25.123	65	406	2.16e-28	117
3.2_Beta-glucoronidase	603	PLR71160.1	N/A	27.068	20	133	0.066	32.0
3.4_Non-specific_dipeptidase	485	PLR72540.1	N/A	25.843	34	178	2.27e-07	49.7
3.4_Non-specific_dipeptidase	485	PLR75008.1	N/A	27.778	42	216	2.14e-05	43.5
3.5_ANSA_amidase	472	PLR70887.1	N/A	34.583	96	480	5.02e-69	225
3.5_ANSA_amidase	472	PLR73545.1	N/A	33.258	94	445	3.17e-57	192
3.5_ANSA_amidase	472	PLR70917.1	N/A	31.377	96	494	9.13e-52	179
3.5_ANSA_amidase	472	PLR70916.1	N/A	26.667	97	510	5.54e-22	95.5
3.5_Paracetamol_amidase	474	PLR70917.1	N/A	33.888	96	481	1.39e-67	221
3.5_Paracetamol_amidase	474	PLR70887.1	N/A	32.475	99	505	1.11e-51	179
3.5_Paracetamol_amidase	474	PLR73545.1	N/A	29.526	96	464	7.53e-36	135
3.5_Paracetamol_amidase	474	PLR70916.1	N/A	25.147	98	509	2.83e-17	81.3
3.5_Paracetamol_dimethoate_hydrolase	369	PLR72936.1	N/A	31.907	66	257	4.10e-34	127
2.4_Pyrimidine_phosphorylase	438	PLR72506.1	N/A	57.044	99	433	3.00e-180	507
2.4_Pyrimidine_phosphorylase	438	PLR75065.1	N/A	24.047	71	341	3.68e-06	45.8
