1.1_Caffeine_dehydrogenase	791	RRN23740.1	N/A	30.779	97	783	4.76e-87	289
1.1_Caffeine_dehydrogenase	791	RRN23725.1	N/A	28.039	97	831	8.39e-67	236
1.1_Sulfonamide_monooxygenase	399	RRN25446.1	N/A	24.427	31	131	0.008	35.4
1.2_Reductive_dehalogenase	551	RRN27779.1	N/A	25.735	22	136	2.66e-06	46.6
1.3_Dihydropyrimidine_dehydrogenase	432	RRN29401.1	N/A	64.891	96	413	0.0	575
1.3_Dihydropyrimidine_dehydrogenase	432	RRN31819.1	N/A	25.175	33	143	4.41e-05	42.4
1.3_Dihydropyrimidine_dehydrogenase	432	RRN24423.1	N/A	21.978	36	182	0.002	37.0
1.3_Dihydropyrimidine_dehydrogenase	432	RRN31860.1	N/A	25.000	24	116	0.017	33.5
1.1_NADP-dependent_oxidoreductase	413	RRN29400.1	N/A	52.488	97	402	2.05e-147	422
1.1_NADP-dependent_oxidoreductase	413	RRN24469.1	N/A	29.083	98	447	3.65e-55	186
1.1_NADP-dependent_oxidoreductase	413	RRN29678.1	N/A	31.735	94	438	1.32e-54	189
1.1_NADP-dependent_oxidoreductase	413	RRN23720.1	N/A	29.358	94	436	6.01e-49	173
1.1_NADP-dependent_oxidoreductase	413	RRN23728.1	N/A	25.926	91	405	1.93e-27	112
1.1_NADP-dependent_oxidoreductase	413	RRN28226.1	N/A	23.333	38	180	0.005	35.8
1.1_NADP-dependent_oxidoreductase	413	RRN24592.1	N/A	25.806	37	155	0.020	34.3
1.5_Flavin_reductase	194	RRN31767.1	N/A	23.030	84	165	4.30e-05	39.3
2.6_Pyridoxamine_pyruvate_transaminase	393	RRN25526.1	N/A	29.323	32	133	1.11e-04	40.8
2.6_Pyridoxamine_pyruvate_transaminase	393	RRN29732.1	N/A	27.381	21	84	0.004	35.8
3.1_N-Acetylgalactosamine_sulfatase	470	RRN28031.1	N/A	31.739	92	460	3.85e-49	172
3.1_N-Acetylgalactosamine_sulfatase	470	RRN25704.1	N/A	23.162	98	544	1.23e-34	133
3.1_N-Acetylgalactosamine_sulfatase	470	RRN26520.1	N/A	27.155	94	464	5.45e-31	122
3.1_N-Acetylgalactosamine_sulfatase	470	RRN22169.1	N/A	30.133	76	375	1.87e-27	112
3.1_Sulfoglucosamine_sulfohydrolase	552	RRN28031.1	N/A	25.393	56	382	7.04e-18	83.6
3.1_Sulfoglucosamine_sulfohydrolase	552	RRN26520.1	N/A	23.735	45	257	5.65e-06	45.8
3.1_Sulfoglucosamine_sulfohydrolase	552	RRN25704.1	N/A	24.555	48	281	2.47e-08	53.5
3.1_Acesulfame_hydrolase	283	RRN29517.1	N/A	24.294	61	177	3.21e-06	44.7
3.1_Acesulfame_hydrolase	283	RRN32157.1	N/A	23.913	30	92	0.054	32.0
3.2_Beta-glucoronidase	603	RRN25586.1	N/A	99.502	100	603	0.0	1260
3.2_Beta-glucoronidase	603	RRN32372.1	N/A	26.042	72	480	6.18e-26	110
3.2_Beta-glucoronidase	603	RRN24597.1	N/A	25.510	62	392	1.76e-24	105
3.4_Non-specific_dipeptidase	485	RRN20807.1	N/A	99.381	100	485	0.0	992
3.5_ANSA_amidase	472	RRN22732.1	N/A	28.484	97	488	1.95e-30	120
3.5_Paracetamol_amidase	474	RRN22732.1	N/A	28.662	92	471	8.36e-23	98.2
2.4_Pyrimidine_phosphorylase	438	RRN27992.1	N/A	45.750	90	400	1.49e-110	330
