1.1_Sulfonamide_monooxygenase	399	PLR69543.1	N/A	22.764	55	246	2.87e-08	52.0
1.2_Reductive_dehalogenase	551	PLR67644.1	N/A	25.434	27	173	6.28e-09	54.7
1.3_Dihydropyrimidine_dehydrogenase	432	PLR69518.1	N/A	37.674	98	430	4.35e-97	295
1.3_Dihydropyrimidine_dehydrogenase	432	PLR69682.1	N/A	27.864	74	323	4.45e-33	124
1.3_Dihydropyrimidine_dehydrogenase	432	PLR68565.1	N/A	28.846	22	104	0.093	31.6
1.1_NADP-dependent_oxidoreductase	413	PLR69517.1	N/A	36.407	95	423	1.57e-73	234
1.1_NADP-dependent_oxidoreductase	413	PLR67073.1	N/A	25.084	62	299	4.61e-05	42.0
1.1_NADP-dependent_oxidoreductase	413	PLR69565.1	N/A	24.454	49	229	1.48e-04	40.4
1.4_Pseudooxynicotine_oxidase	497	PLR66204.1	N/A	20.728	69	357	1.25e-13	69.7
2.1_Vanillate_O-demethylase	471	PLR68103.1	N/A	27.313	47	227	1.10e-14	72.0
2.6_Pyridoxamine_pyruvate_transaminase	393	PLR66551.1	N/A	25.414	87	362	8.81e-20	86.7
2.6_Pyridoxamine_pyruvate_transaminase	393	PLR67113.1	N/A	26.380	40	163	8.75e-08	50.4
2.6_Pyridoxamine_pyruvate_transaminase	393	PLR68243.1	N/A	26.531	25	98	4.54e-04	38.9
3.1_N-Acetylgalactosamine_sulfatase	470	PLR68846.1	N/A	25.203	25	123	3.48e-05	43.1
3.1_Sulfoglucosamine_sulfohydrolase	552	PLR68130.1	N/A	21.127	46	284	0.002	38.1
3.1_Sulfoglucosamine_sulfohydrolase	552	PLR68846.1	N/A	24.528	26	159	0.005	36.6
3.1_Acesulfame_hydrolase	283	PLR68036.1	N/A	26.316	59	171	1.05e-09	55.1
3.1_Acesulfame_hydrolase	283	PLR67717.1	N/A	31.884	23	69	0.021	32.7
3.1_Acesulfame_hydrolase	283	PLR67406.1	N/A	26.761	25	71	0.024	32.3
3.2_Beta-glucoronidase	603	PLR65873.1	N/A	25.407	94	614	7.00e-28	115
3.2_Beta-glucoronidase	603	PLR66442.1	N/A	25.051	74	487	3.35e-26	110
3.2_Beta-glucoronidase	603	PLR65849.1	N/A	22.711	82	546	1.01e-20	92.8
3.4_Non-specific_dipeptidase	485	PLR68044.1	N/A	26.404	34	178	1.93e-09	56.2
3.5_ANSA_amidase	472	PLR65832.1	N/A	34.656	96	479	1.71e-73	236
3.5_ANSA_amidase	472	PLR66227.1	N/A	30.321	97	498	2.05e-44	159
3.5_Paracetamol_amidase	474	PLR66227.1	N/A	33.333	96	483	1.80e-61	205
3.5_Paracetamol_amidase	474	PLR65832.1	N/A	29.980	99	497	7.86e-43	155
3.5_Paracetamol_dimethoate_hydrolase	369	PLR68862.1	N/A	32.031	66	256	4.17e-35	129
2.4_Pyrimidine_phosphorylase	438	PLR66682.1	N/A	56.120	99	433	0.0	510
