1.2_Reductive_dehalogenase	551	NJJ94761.1	N/A	25.269	30	186	1.32e-07	50.4
1.3_Dihydropyrimidine_dehydrogenase	432	NJJ93380.1	N/A	28.358	30	134	3.59e-07	48.5
1.3_Dihydropyrimidine_dehydrogenase	432	NJJ94184.1	N/A	31.858	24	113	1.75e-06	45.4
1.3_Dihydropyrimidine_dehydrogenase	432	NJJ93869.1	N/A	26.115	31	157	3.18e-04	39.3
1.3_Dihydropyrimidine_dehydrogenase	432	NJJ93177.1	N/A	28.319	24	113	5.65e-04	37.7
1.3_Dihydropyrimidine_dehydrogenase	432	NJJ93145.1	N/A	24.194	27	124	0.017	33.1
1.1_NADP-dependent_oxidoreductase	413	NJJ93920.1	N/A	33.176	94	425	9.20e-57	190
1.1_NADP-dependent_oxidoreductase	413	NJJ93946.1	N/A	29.787	22	94	2.80e-04	39.7
1.1_NADP-dependent_oxidoreductase	413	NJJ94060.1	N/A	24.294	40	177	0.006	35.0
1.1_NADP-dependent_oxidoreductase	413	NJJ92781.1	N/A	22.652	38	181	0.019	33.5
1.4_Pseudooxynicotine_oxidase	497	NJJ92880.1	N/A	31.707	22	123	4.47e-05	42.4
1.5_Flavin_reductase	194	NJJ95019.1	N/A	22.754	82	167	5.17e-05	38.9
2.6_Pyridoxamine_pyruvate_transaminase	393	NJJ95447.1	N/A	27.381	21	84	0.006	35.0
3.1_N-Acetylgalactosamine_sulfatase	470	NJJ92874.1	N/A	23.941	96	543	1.13e-33	130
3.1_N-Acetylgalactosamine_sulfatase	470	NJJ92857.1	N/A	25.918	95	490	6.86e-32	124
3.1_Sulfoglucosamine_sulfohydrolase	552	NJJ92874.1	N/A	22.698	70	467	1.35e-18	85.5
3.1_Sulfoglucosamine_sulfohydrolase	552	NJJ92857.1	N/A	30.000	42	130	5.37e-11	61.6
3.1_Sulfoglucosamine_sulfohydrolase	552	NJJ92857.1	N/A	23.423	42	111	0.003	37.0
3.1_Acesulfame_hydrolase	283	NJJ95025.1	N/A	31.429	24	70	2.00e-05	42.0
3.4_Non-specific_dipeptidase	485	NJJ95079.1	N/A	74.433	100	485	0.0	743
2.4_Pyrimidine_phosphorylase	438	NJJ95217.1	N/A	44.140	91	401	7.50e-109	325
