1.1_Caffeine_dehydrogenase	791	PKZ11122.1	N/A	30.651	97	783	1.76e-86	287
1.1_Caffeine_dehydrogenase	791	PKZ11107.1	N/A	27.918	97	831	2.76e-66	234
1.1_Sulfonamide_monooxygenase	399	PKZ12391.1	N/A	24.427	31	131	0.009	35.0
1.2_Reductive_dehalogenase	551	PKZ11292.1	N/A	25.735	22	136	2.49e-06	46.6
1.3_Dihydropyrimidine_dehydrogenase	432	PKZ13804.1	N/A	64.891	96	413	0.0	575
1.3_Dihydropyrimidine_dehydrogenase	432	PKZ12064.1	N/A	25.175	33	143	4.31e-05	42.4
1.3_Dihydropyrimidine_dehydrogenase	432	PKZ10815.1	N/A	26.724	24	116	0.001	37.4
1.3_Dihydropyrimidine_dehydrogenase	432	PKZ10489.1	N/A	21.978	36	182	0.002	37.0
1.3_Dihydropyrimidine_dehydrogenase	432	PKZ12104.1	N/A	25.000	24	116	0.016	33.5
1.1_NADP-dependent_oxidoreductase	413	PKZ13805.1	N/A	52.488	97	402	3.76e-146	419
1.1_NADP-dependent_oxidoreductase	413	PKZ11658.1	N/A	31.735	94	438	1.27e-55	191
1.1_NADP-dependent_oxidoreductase	413	PKZ10536.1	N/A	30.631	98	444	3.21e-55	186
1.1_NADP-dependent_oxidoreductase	413	PKZ11102.1	N/A	29.358	94	436	1.45e-48	172
1.1_NADP-dependent_oxidoreductase	413	PKZ11110.1	N/A	26.173	91	405	1.94e-28	115
1.1_NADP-dependent_oxidoreductase	413	PKZ12872.1	N/A	23.333	38	180	0.005	35.8
1.1_NADP-dependent_oxidoreductase	413	PKZ11903.1	N/A	25.949	37	158	0.017	34.3
1.5_Flavin_reductase	194	PKZ12011.1	N/A	23.030	84	165	1.78e-05	40.4
2.6_Pyridoxamine_pyruvate_transaminase	393	PKZ12307.1	N/A	29.323	32	133	1.09e-04	40.8
2.6_Pyridoxamine_pyruvate_transaminase	393	PKZ11600.1	N/A	27.381	21	84	0.004	35.8
3.1_N-Acetylgalactosamine_sulfatase	470	PKZ12674.1	N/A	30.638	94	470	4.75e-50	175
3.1_N-Acetylgalactosamine_sulfatase	470	PKZ10762.1	N/A	23.162	98	544	1.20e-34	133
3.1_N-Acetylgalactosamine_sulfatase	470	PKZ10323.1	N/A	26.395	94	466	7.56e-32	124
3.1_N-Acetylgalactosamine_sulfatase	470	PKZ10178.1	N/A	30.400	76	375	1.28e-27	112
3.1_Sulfoglucosamine_sulfohydrolase	552	PKZ12674.1	N/A	29.104	53	134	3.03e-10	59.3
3.1_Sulfoglucosamine_sulfohydrolase	552	PKZ12674.1	N/A	26.776	53	183	8.93e-09	54.7
3.1_Sulfoglucosamine_sulfohydrolase	552	PKZ10323.1	N/A	28.662	26	157	2.08e-05	43.9
3.1_Sulfoglucosamine_sulfohydrolase	552	PKZ10762.1	N/A	24.555	48	281	2.42e-08	53.5
3.1_Acesulfame_hydrolase	283	PKZ13679.1	N/A	22.599	61	177	3.56e-06	44.7
3.1_Acesulfame_hydrolase	283	PKZ13342.1	N/A	23.913	30	92	0.051	32.0
3.2_Beta-glucoronidase	603	PKZ12246.1	N/A	99.502	100	603	0.0	1257
3.2_Beta-glucoronidase	603	PKZ13566.1	N/A	26.042	72	480	1.28e-25	109
3.2_Beta-glucoronidase	603	PKZ11898.1	N/A	25.255	62	392	6.40e-24	103
3.4_Non-specific_dipeptidase	485	PKZ10081.1	N/A	98.969	100	485	0.0	988
3.5_ANSA_amidase	472	PKZ10468.1	N/A	28.484	97	488	1.90e-30	120
3.5_Paracetamol_amidase	474	PKZ10468.1	N/A	28.662	92	471	8.17e-23	98.2
2.4_Pyrimidine_phosphorylase	438	PKZ12636.1	N/A	45.750	90	400	1.19e-110	330
