1.1_Sulfonamide_monooxygenase	399	PMC18035.1	N/A	21.975	94	405	5.16e-07	47.4
1.2_Reductive_dehalogenase	551	PMC16896.1	N/A	27.879	28	165	7.43e-09	53.5
1.3_Dihydropyrimidine_dehydrogenase	432	PMC18521.1	N/A	22.769	73	325	1.07e-09	55.8
1.3_Dihydropyrimidine_dehydrogenase	432	PMC18014.1	N/A	35.789	20	95	6.20e-09	53.9
1.3_Dihydropyrimidine_dehydrogenase	432	PMC19143.1	N/A	28.696	26	115	3.83e-05	41.2
1.3_Dihydropyrimidine_dehydrogenase	432	PMC19565.1	N/A	24.581	40	179	0.038	32.0
1.3_Dihydropyrimidine_dehydrogenase	432	PMC20381.1	N/A	27.368	20	95	0.096	30.8
1.1_NADP-dependent_oxidoreductase	413	PMC20260.1	N/A	26.244	49	221	1.65e-06	45.8
1.5_Flavin_reductase	194	PMC20770.1	N/A	25.000	30	64	0.049	30.0
2.1_Vanillate_O-demethylase	471	PMC19747.1	N/A	25.847	49	236	2.28e-12	64.3
2.6_Pyridoxamine_pyruvate_transaminase	393	PMC20422.1	N/A	27.160	40	162	1.74e-06	45.4
3.1_Acesulfame_hydrolase	283	PMC19772.1	N/A	33.824	23	68	3.85e-06	43.5
3.1_Acesulfame_hydrolase	283	PMC19557.1	N/A	32.787	22	61	0.014	32.3
3.1_Acesulfame_hydrolase	283	PMC19156.1	N/A	28.571	21	63	0.018	32.0
3.4_Non-specific_dipeptidase	485	PMC19769.1	N/A	26.316	32	171	6.44e-11	59.7
3.4_Non-specific_dipeptidase	485	PMC18474.1	N/A	22.742	59	299	0.002	36.6
3.5_ANSA_amidase	472	PMC17703.1	N/A	31.875	96	480	4.42e-58	195
3.5_Paracetamol_amidase	474	PMC17703.1	N/A	32.343	85	303	2.50e-32	125
3.5_Paracetamol_amidase	474	PMC17703.1	N/A	29.358	85	109	1.55e-06	46.2
3.5_Paracetamol_dimethoate_hydrolase	369	PMC19567.1	N/A	27.336	75	289	1.60e-27	108
2.4_Pyrimidine_phosphorylase	438	PMC19121.1	N/A	26.500	39	200	0.088	31.2
