1.3_Dihydropyrimidine_dehydrogenase	432	PKZ21266.1	N/A	28.497	44	193	2.17e-08	51.6
1.1_NADP-dependent_oxidoreductase	413	PKZ20610.1	N/A	25.053	96	475	6.21e-28	111
1.1_NADP-dependent_oxidoreductase	413	PKZ20894.1	N/A	29.379	40	177	5.48e-13	66.2
1.1_NADP-dependent_oxidoreductase	413	PKZ20887.1	N/A	33.019	25	106	1.09e-09	55.8
1.1_NADP-dependent_oxidoreductase	413	PKZ23672.1	N/A	26.347	37	167	8.50e-09	53.1
1.1_NADP-dependent_oxidoreductase	413	PKZ20604.1	N/A	30.968	36	155	5.64e-05	41.2
1.1_NADP-dependent_oxidoreductase	413	PKZ20549.1	N/A	28.671	31	143	7.47e-04	37.4
1.1_NADP-dependent_oxidoreductase	413	PKZ20041.1	N/A	22.353	37	170	0.007	34.3
1.5_Flavin_reductase	194	PKZ20812.1	N/A	24.648	73	142	5.01e-09	50.1
1.5_Flavin_reductase	194	PKZ22879.1	N/A	28.037	52	107	0.017	31.6
2.1_Vanillate_O-demethylase	471	PKZ20224.1	N/A	25.627	72	359	6.98e-17	78.2
2.6_Pyridoxamine_pyruvate_transaminase	393	PKZ20210.1	N/A	22.807	29	114	4.16e-04	38.1
3.5_ANSA_amidase	472	PKZ22766.1	N/A	33.925	97	507	8.66e-57	192
3.5_ANSA_amidase	472	PKZ20066.1	N/A	32.039	82	412	6.24e-29	115
3.5_ANSA_amidase	472	PKZ20852.1	N/A	38.860	41	193	2.90e-15	73.6
3.5_Paracetamol_amidase	474	PKZ22766.1	N/A	30.339	97	501	3.17e-39	144
3.5_Paracetamol_amidase	474	PKZ20066.1	N/A	27.155	91	464	2.96e-24	101
3.5_Paracetamol_amidase	474	PKZ20852.1	N/A	31.799	49	239	1.27e-11	62.4
2.4_Pyrimidine_phosphorylase	438	PKZ20632.1	N/A	42.755	96	421	6.03e-109	325
2.4_Pyrimidine_phosphorylase	438	PKZ23811.1	N/A	27.642	26	123	0.003	35.4
