1.1_Caffeine_dehydrogenase	791	PKZ02592.1	N/A	27.542	97	777	7.73e-53	194
1.2_Reductive_dehalogenase	551	PKZ02186.1	N/A	28.652	28	178	6.33e-10	57.4
1.3_Dihydropyrimidine_dehydrogenase	432	PKZ00895.1	N/A	34.259	74	324	2.32e-44	153
1.3_Dihydropyrimidine_dehydrogenase	432	PKZ00737.1	N/A	23.263	73	331	1.29e-08	52.4
1.3_Dihydropyrimidine_dehydrogenase	432	PKZ02070.1	N/A	28.283	21	99	0.001	37.7
1.1_NADP-dependent_oxidoreductase	413	PKZ02585.1	N/A	33.853	99	449	1.45e-63	208
1.1_NADP-dependent_oxidoreductase	413	PKZ02603.1	N/A	26.044	91	407	2.66e-25	105
1.1_NADP-dependent_oxidoreductase	413	PKZ01753.1	N/A	25.568	39	176	6.16e-07	47.4
1.1_NADP-dependent_oxidoreductase	413	PKZ02040.1	N/A	27.523	47	218	7.86e-06	43.9
1.1_NADP-dependent_oxidoreductase	413	PKZ02023.1	N/A	25.000	62	288	5.04e-05	41.2
1.1_NADP-dependent_oxidoreductase	413	PKZ00390.1	N/A	22.924	63	301	0.053	32.0
1.1_NADP-dependent_oxidoreductase	413	PKZ01898.1	N/A	26.531	31	147	0.084	31.2
1.1_NADP-dependent_oxidoreductase	413	PKZ00943.1	N/A	24.883	48	213	0.090	31.2
2.6_Pyridoxamine_pyruvate_transaminase	393	PKZ01507.1	N/A	27.577	95	388	1.02e-48	166
2.6_Pyridoxamine_pyruvate_transaminase	393	PKZ02477.1	N/A	25.000	43	176	1.74e-06	45.8
2.6_Pyridoxamine_pyruvate_transaminase	393	PKZ02330.1	N/A	27.083	24	96	0.011	33.9
3.1_N-Acetylgalactosamine_sulfatase	470	PKZ01948.1	N/A	24.427	27	131	0.002	37.0
3.1_Acesulfame_hydrolase	283	PKZ00914.1	N/A	27.723	34	101	1.30e-05	42.0
3.1_Acesulfame_hydrolase	283	PKZ02772.1	N/A	28.571	27	77	0.001	35.8
3.1_Acesulfame_hydrolase	283	PKZ01884.1	N/A	31.746	21	63	0.019	32.3
3.2_Beta-glucoronidase	603	PKZ02741.1	N/A	29.793	62	386	3.19e-36	141
3.5_ANSA_amidase	472	PKZ00556.1	N/A	32.515	98	489	3.23e-60	201
3.5_ANSA_amidase	472	PKZ01497.1	N/A	29.299	94	471	8.85e-55	187
3.5_ANSA_amidase	472	PKZ01187.1	N/A	29.895	94	475	2.43e-32	127
3.5_ANSA_amidase	472	PKZ00547.1	N/A	34.545	45	220	1.83e-19	87.4
3.5_Paracetamol_amidase	474	PKZ01497.1	N/A	29.959	97	484	2.58e-64	212
3.5_Paracetamol_amidase	474	PKZ00556.1	N/A	29.167	99	504	7.28e-41	149
3.5_Paracetamol_amidase	474	PKZ01187.1	N/A	32.158	95	482	4.81e-36	138
3.5_Paracetamol_amidase	474	PKZ00547.1	N/A	29.749	51	279	1.30e-15	75.5
2.4_Pyrimidine_phosphorylase	438	PKZ01387.1	N/A	56.481	99	432	0.0	512
