1.1_Caffeine_dehydrogenase	791	PKZ31957.1	N/A	30.779	97	783	4.79e-87	289
1.1_Caffeine_dehydrogenase	791	PKZ31972.1	N/A	28.039	97	831	8.45e-67	236
1.1_Sulfonamide_monooxygenase	399	PKZ33000.1	N/A	24.427	31	131	0.008	35.4
1.2_Reductive_dehalogenase	551	PKZ33834.1	N/A	25.735	22	136	2.68e-06	46.6
1.3_Dihydropyrimidine_dehydrogenase	432	PKZ34244.1	N/A	64.891	96	413	0.0	575
1.3_Dihydropyrimidine_dehydrogenase	432	PKZ35593.1	N/A	25.175	33	143	4.44e-05	42.4
1.3_Dihydropyrimidine_dehydrogenase	432	PKZ31296.1	N/A	21.978	36	182	0.002	37.0
1.3_Dihydropyrimidine_dehydrogenase	432	PKZ35553.1	N/A	25.000	24	116	0.017	33.5
1.1_NADP-dependent_oxidoreductase	413	PKZ34243.1	N/A	52.488	97	402	2.06e-147	422
1.1_NADP-dependent_oxidoreductase	413	PKZ31344.1	N/A	29.083	98	447	3.68e-55	186
1.1_NADP-dependent_oxidoreductase	413	PKZ34529.1	N/A	31.735	94	438	1.33e-54	189
1.1_NADP-dependent_oxidoreductase	413	PKZ31977.1	N/A	29.358	94	436	6.06e-49	173
1.1_NADP-dependent_oxidoreductase	413	PKZ31969.1	N/A	25.926	91	405	1.94e-27	112
1.1_NADP-dependent_oxidoreductase	413	PKZ33478.1	N/A	23.333	38	180	0.005	35.8
1.1_NADP-dependent_oxidoreductase	413	PKZ31465.1	N/A	25.806	37	155	0.020	34.3
1.5_Flavin_reductase	194	PKZ35645.1	N/A	23.030	84	165	4.33e-05	39.3
2.6_Pyridoxamine_pyruvate_transaminase	393	PKZ33083.1	N/A	29.323	32	133	1.11e-04	40.8
2.6_Pyridoxamine_pyruvate_transaminase	393	PKZ34585.1	N/A	27.381	21	84	0.004	35.8
3.1_N-Acetylgalactosamine_sulfatase	470	PKZ33580.1	N/A	31.739	92	460	3.89e-49	172
3.1_N-Acetylgalactosamine_sulfatase	470	PKZ33220.1	N/A	23.162	98	544	1.24e-34	133
3.1_N-Acetylgalactosamine_sulfatase	470	PKZ32560.1	N/A	27.155	94	464	5.50e-31	122
3.1_N-Acetylgalactosamine_sulfatase	470	PKZ30470.1	N/A	30.133	76	375	1.88e-27	112
3.1_Sulfoglucosamine_sulfohydrolase	552	PKZ33580.1	N/A	25.393	56	382	7.10e-18	83.6
3.1_Sulfoglucosamine_sulfohydrolase	552	PKZ32560.1	N/A	23.735	45	257	5.70e-06	45.8
3.1_Sulfoglucosamine_sulfohydrolase	552	PKZ33220.1	N/A	24.555	48	281	2.49e-08	53.5
3.1_Acesulfame_hydrolase	283	PKZ34365.1	N/A	24.294	61	177	3.24e-06	44.7
3.1_Acesulfame_hydrolase	283	PKZ35247.1	N/A	23.913	30	92	0.054	32.0
3.2_Beta-glucoronidase	603	PKZ33143.1	N/A	99.502	100	603	0.0	1260
3.2_Beta-glucoronidase	603	PKZ35019.1	N/A	26.042	72	480	6.23e-26	110
3.2_Beta-glucoronidase	603	PKZ31470.1	N/A	25.510	62	392	1.77e-24	105
3.4_Non-specific_dipeptidase	485	PKZ30764.1	N/A	99.381	100	485	0.0	992
3.5_ANSA_amidase	472	PKZ32767.1	N/A	28.484	97	488	1.96e-30	120
3.5_Paracetamol_amidase	474	PKZ32767.1	N/A	28.662	92	471	8.43e-23	98.2
2.4_Pyrimidine_phosphorylase	438	PKZ33618.1	N/A	45.750	90	400	1.50e-110	330
