1.3_Dihydropyrimidine_dehydrogenase	432	PKZ94158.1	N/A	28.750	72	320	1.86e-27	107
1.3_Dihydropyrimidine_dehydrogenase	432	PKZ95249.1	N/A	26.295	56	251	6.47e-12	62.0
1.1_NADP-dependent_oxidoreductase	413	PKZ95457.1	N/A	23.675	62	283	8.28e-07	46.6
1.1_NADP-dependent_oxidoreductase	413	PKZ95616.1	N/A	23.030	38	165	2.12e-04	39.3
1.1_NADP-dependent_oxidoreductase	413	PKZ95141.1	N/A	24.419	38	172	3.74e-04	38.5
1.1_NADP-dependent_oxidoreductase	413	PKZ95758.1	N/A	22.685	49	216	0.002	35.8
1.1_NADP-dependent_oxidoreductase	413	PKZ95377.1	N/A	22.222	68	333	0.047	32.0
2.6_Pyridoxamine_pyruvate_transaminase	393	PKZ95487.1	N/A	32.407	27	108	2.19e-09	54.7
2.6_Pyridoxamine_pyruvate_transaminase	393	PKZ93942.1	N/A	29.293	25	99	1.08e-06	46.2
2.6_Pyridoxamine_pyruvate_transaminase	393	PKZ95619.1	N/A	34.568	20	81	0.007	34.3
2.6_Pyridoxamine_pyruvate_transaminase	393	PKZ95060.1	N/A	24.405	40	168	0.059	31.2
3.1_Sulfoglucosamine_sulfohydrolase	552	PKZ95885.1	N/A	23.129	24	147	4.75e-04	38.9
3.1_Acesulfame_hydrolase	283	PKZ95228.1	N/A	31.343	23	67	5.05e-05	40.0
3.1_Acesulfame_hydrolase	283	PKZ95304.1	N/A	28.169	24	71	0.026	31.6
3.2_Beta-glucoronidase	603	PKZ94568.1	N/A	26.904	63	394	2.26e-22	98.2
3.5_ANSA_amidase	472	PKZ94681.1	N/A	29.339	97	484	2.10e-50	175
3.5_ANSA_amidase	472	PKZ94153.1	N/A	28.750	96	480	1.82e-43	155
3.5_Paracetamol_amidase	474	PKZ94153.1	N/A	34.244	95	476	7.19e-69	224
3.5_Paracetamol_amidase	474	PKZ94681.1	N/A	29.328	97	491	9.10e-41	148
2.4_Pyrimidine_phosphorylase	438	PKZ94378.1	N/A	47.277	92	404	8.43e-127	370
