1.1_Caffeine_dehydrogenase	791	PKZ66815.1	N/A	30.402	97	796	1.59e-76	263
1.1_Caffeine_dehydrogenase	791	PKZ66808.1	N/A	24.277	98	795	8.16e-35	139
1.1_Sulfonamide_monooxygenase	399	PKZ64616.1	N/A	31.783	96	387	1.09e-60	199
1.1_Sulfonamide_monooxygenase	399	PKZ66799.1	N/A	26.829	91	369	1.07e-21	93.2
1.1_Sulfonamide_monooxygenase	399	PKZ63823.1	N/A	23.478	53	230	5.82e-05	42.0
1.1_Sulfonamide_monooxygenase	399	PKZ65098.1	N/A	27.660	23	94	5.96e-04	38.9
1.1_Sulfonamide_monooxygenase	399	PKZ65507.1	N/A	34.091	22	88	7.55e-04	38.5
1.1_Sulfonamide_monooxygenase	399	PKZ65875.1	N/A	28.235	21	85	0.007	35.4
1.1_Caffeine_demethylase	371	PKZ62683.1	N/A	27.778	44	198	6.28e-10	57.4
1.1_Caffeine_demethylase	371	PKZ64615.1	N/A	25.000	44	176	1.83e-09	55.8
1.1_Caffeine_demethylase	371	PKZ64263.1	N/A	32.530	22	83	2.23e-06	46.2
1.1_Caffeine_demethylase	371	PKZ64189.1	N/A	26.154	32	130	2.68e-05	42.7
1.1_Caffeine_demethylase	371	PKZ66797.1	N/A	20.690	40	174	3.41e-04	39.7
1.1_Caffeine_demethylase	371	PKZ65991.1	N/A	29.412	23	102	0.003	36.6
1.3_Dihydropyrimidine_dehydrogenase	432	PKZ67498.1	N/A	24.405	74	336	5.09e-06	45.4
1.1_NADP-dependent_oxidoreductase	413	PKZ63720.1	N/A	24.554	98	448	7.04e-30	117
1.1_NADP-dependent_oxidoreductase	413	PKZ66594.1	N/A	25.386	97	453	1.87e-29	117
1.1_NADP-dependent_oxidoreductase	413	PKZ66152.1	N/A	28.659	37	164	1.17e-12	66.2
1.1_NADP-dependent_oxidoreductase	413	PKZ63649.1	N/A	28.279	52	244	1.25e-11	63.2
1.1_NADP-dependent_oxidoreductase	413	PKZ63443.1	N/A	27.389	36	157	7.54e-10	57.8
1.1_NADP-dependent_oxidoreductase	413	PKZ67150.1	N/A	25.904	39	166	1.16e-07	50.8
1.1_NADP-dependent_oxidoreductase	413	PKZ62865.1	N/A	25.263	35	190	2.49e-06	46.6
1.1_NADP-dependent_oxidoreductase	413	PKZ65428.1	N/A	27.586	37	174	4.25e-06	45.8
1.1_NADP-dependent_oxidoreductase	413	PKZ63489.1	N/A	25.551	51	227	2.93e-05	43.1
1.1_NADP-dependent_oxidoreductase	413	PKZ65725.1	N/A	25.296	58	253	1.70e-04	40.8
1.1_NADP-dependent_oxidoreductase	413	PKZ64789.1	N/A	38.372	21	86	0.008	35.4
1.1_NADP-dependent_oxidoreductase	413	PKZ65165.1	N/A	25.269	41	186	0.008	35.4
1.1_NADP-dependent_oxidoreductase	413	PKZ66066.1	N/A	23.469	64	294	0.073	32.3
1.4_Pseudooxynicotine_oxidase	497	PKZ67080.1	N/A	32.584	86	445	3.95e-66	217
1.4_Pseudooxynicotine_oxidase	497	PKZ63259.1	N/A	24.111	47	253	1.69e-05	44.3
1.5_Flavin_reductase	194	PKZ64618.1	N/A	27.097	79	155	3.14e-11	57.4
1.5_Flavin_reductase	194	PKZ63828.1	N/A	26.829	85	164	7.06e-10	53.1
1.5_Flavin_reductase	194	PKZ66790.1	N/A	24.427	67	131	2.13e-08	50.1
1.5_Flavin_reductase	194	PKZ64138.1	N/A	25.954	68	131	2.17e-08	50.1
1.5_Flavin_reductase	194	PKZ64235.1	N/A	24.615	66	130	5.21e-07	45.1
1.5_Flavin_reductase	194	PKZ65312.1	N/A	26.220	82	164	5.78e-06	42.4
2.1_Vanillate_O-demethylase	471	PKZ66482.1	N/A	22.458	49	236	4.83e-07	48.9
2.6_Pyridoxamine_pyruvate_transaminase	393	PKZ65176.1	N/A	28.571	23	91	0.002	37.0
2.6_Pyridoxamine_pyruvate_transaminase	393	PKZ65335.1	N/A	25.243	75	309	0.002	37.0
2.6_Pyridoxamine_pyruvate_transaminase	393	PKZ64840.1	N/A	31.646	20	79	0.005	35.8
3.1_N-Acetylgalactosamine_sulfatase	470	PKZ67002.1	N/A	23.077	98	494	2.84e-20	90.5
3.1_Sulfoglucosamine_sulfohydrolase	552	PKZ67002.1	N/A	29.128	76	436	1.35e-41	153
3.1_Acesulfame_hydrolase	283	PKZ63156.1	N/A	30.337	30	89	0.027	32.7
3.4_Non-specific_dipeptidase	485	PKZ67497.1	N/A	29.861	28	144	4.30e-04	39.7
3.5_ANSA_amidase	472	PKZ66103.1	N/A	39.062	94	448	1.48e-77	247
3.5_ANSA_amidase	472	PKZ66323.1	N/A	32.245	96	490	6.49e-48	169
3.5_ANSA_amidase	472	PKZ65816.1	N/A	36.059	92	477	2.51e-43	157
3.5_ANSA_amidase	472	PKZ65245.1	N/A	31.407	84	398	8.59e-40	145
3.5_ANSA_amidase	472	PKZ62883.1	N/A	29.684	97	475	4.38e-34	130
3.5_ANSA_amidase	472	PKZ66792.1	N/A	28.571	78	371	4.18e-21	92.4
3.5_ANSA_amidase	472	PKZ64692.1	N/A	43.846	28	130	9.36e-11	61.2
3.5_ANSA_amidase	472	PKZ63448.1	N/A	39.429	36	175	1.60e-09	57.0
3.5_Paracetamol_amidase	474	PKZ65816.1	N/A	36.270	97	488	2.78e-56	192
3.5_Paracetamol_amidase	474	PKZ66103.1	N/A	33.909	95	463	3.48e-51	177
3.5_Paracetamol_amidase	474	PKZ62883.1	N/A	31.180	91	449	2.07e-44	159
3.5_Paracetamol_amidase	474	PKZ66323.1	N/A	29.459	97	499	6.94e-32	125
3.5_Paracetamol_amidase	474	PKZ65245.1	N/A	30.282	88	426	6.92e-31	120
3.5_Paracetamol_amidase	474	PKZ64692.1	N/A	40.278	30	144	8.21e-12	64.3
3.5_Paracetamol_amidase	474	PKZ66792.1	N/A	29.437	48	231	8.84e-10	57.8
3.5_Paracetamol_amidase	474	PKZ63448.1	N/A	29.755	67	326	1.96e-07	50.4
3.5_Paracetamol_dimethoate_hydrolase	369	PKZ64405.1	N/A	48.538	91	342	7.43e-98	293
3.5_Paracetamol_dimethoate_hydrolase	369	PKZ67330.1	N/A	28.676	70	272	1.08e-23	98.6
1.7_Urate_oxidase	496	PKZ66811.1	N/A	22.152	32	158	9.05e-08	49.3
2.4_Pyrimidine_phosphorylase	438	PKZ66841.1	N/A	45.343	92	408	9.25e-118	348
